Started GET "/" for 127.0.0.1 at 2018-11-04 18:40:18 -0200
  
PG::ConnectionBad (could not connect to server: No such file or directory
	Is the server running locally and accepting
	connections on Unix domain socket "/tmp/.s.PGSQL.5432"?
):
  
pg (1.0.0) lib/pg.rb:56:in `initialize'
pg (1.0.0) lib/pg.rb:56:in `new'
pg (1.0.0) lib/pg.rb:56:in `connect'
activerecord (5.2.1) lib/active_record/connection_adapters/postgresql_adapter.rb:684:in `connect'
activerecord (5.2.1) lib/active_record/connection_adapters/postgresql_adapter.rb:215:in `initialize'
activerecord (5.2.1) lib/active_record/connection_adapters/postgresql_adapter.rb:40:in `new'
activerecord (5.2.1) lib/active_record/connection_adapters/postgresql_adapter.rb:40:in `postgresql_connection'
activerecord (5.2.1) lib/active_record/connection_adapters/abstract/connection_pool.rb:809:in `new_connection'
activerecord (5.2.1) lib/active_record/connection_adapters/abstract/connection_pool.rb:853:in `checkout_new_connection'
activerecord (5.2.1) lib/active_record/connection_adapters/abstract/connection_pool.rb:832:in `try_to_checkout_new_connection'
activerecord (5.2.1) lib/active_record/connection_adapters/abstract/connection_pool.rb:793:in `acquire_connection'
activerecord (5.2.1) lib/active_record/connection_adapters/abstract/connection_pool.rb:521:in `checkout'
activerecord (5.2.1) lib/active_record/connection_adapters/abstract/connection_pool.rb:380:in `connection'
activerecord (5.2.1) lib/active_record/connection_adapters/abstract/connection_pool.rb:1008:in `retrieve_connection'
activerecord (5.2.1) lib/active_record/connection_handling.rb:118:in `retrieve_connection'
activerecord (5.2.1) lib/active_record/connection_handling.rb:90:in `connection'
activerecord (5.2.1) lib/active_record/migration.rb:554:in `call'
actionpack (5.2.1) lib/action_dispatch/middleware/callbacks.rb:28:in `block in call'
activesupport (5.2.1) lib/active_support/callbacks.rb:98:in `run_callbacks'
actionpack (5.2.1) lib/action_dispatch/middleware/callbacks.rb:26:in `call'
actionpack (5.2.1) lib/action_dispatch/middleware/executor.rb:14:in `call'
actionpack (5.2.1) lib/action_dispatch/middleware/debug_exceptions.rb:61:in `call'
web-console (3.6.2) lib/web_console/middleware.rb:135:in `call_app'
web-console (3.6.2) lib/web_console/middleware.rb:30:in `block in call'
web-console (3.6.2) lib/web_console/middleware.rb:20:in `catch'
web-console (3.6.2) lib/web_console/middleware.rb:20:in `call'
actionpack (5.2.1) lib/action_dispatch/middleware/show_exceptions.rb:33:in `call'
railties (5.2.1) lib/rails/rack/logger.rb:38:in `call_app'
railties (5.2.1) lib/rails/rack/logger.rb:26:in `block in call'
activesupport (5.2.1) lib/active_support/tagged_logging.rb:71:in `block in tagged'
activesupport (5.2.1) lib/active_support/tagged_logging.rb:28:in `tagged'
activesupport (5.2.1) lib/active_support/tagged_logging.rb:71:in `tagged'
railties (5.2.1) lib/rails/rack/logger.rb:26:in `call'
sprockets-rails (3.2.1) lib/sprockets/rails/quiet_assets.rb:13:in `call'
actionpack (5.2.1) lib/action_dispatch/middleware/remote_ip.rb:81:in `call'
actionpack (5.2.1) lib/action_dispatch/middleware/request_id.rb:27:in `call'
rack (2.0.5) lib/rack/method_override.rb:22:in `call'
rack (2.0.5) lib/rack/runtime.rb:22:in `call'
activesupport (5.2.1) lib/active_support/cache/strategy/local_cache_middleware.rb:29:in `call'
actionpack (5.2.1) lib/action_dispatch/middleware/executor.rb:14:in `call'
actionpack (5.2.1) lib/action_dispatch/middleware/static.rb:127:in `call'
rack (2.0.5) lib/rack/sendfile.rb:111:in `call'
railties (5.2.1) lib/rails/engine.rb:524:in `call'
puma (3.12.0) lib/puma/configuration.rb:225:in `call'
puma (3.12.0) lib/puma/server.rb:658:in `handle_request'
puma (3.12.0) lib/puma/server.rb:472:in `process_client'
puma (3.12.0) lib/puma/server.rb:332:in `block in run'
puma (3.12.0) lib/puma/thread_pool.rb:133:in `block in spawn_thread'
Started GET "/" for 127.0.0.1 at 2018-11-04 18:41:48 -0200
  [1m[35m (4.2ms)[0m  [1m[34mSELECT "schema_migrations"."version" FROM "schema_migrations" ORDER BY "schema_migrations"."version" ASC[0m
  ↳ /Users/marcelopavanellomartins/.rvm/gems/ruby-2.5.1/gems/activerecord-5.2.1/lib/active_record/log_subscriber.rb:98
  
ActiveRecord::PendingMigrationError (

Migrations are pending. To resolve this issue, run:

        bin/rails db:migrate RAILS_ENV=development

):
  
activerecord (5.2.1) lib/active_record/migration.rb:579:in `check_pending!'
activerecord (5.2.1) lib/active_record/migration.rb:556:in `call'
actionpack (5.2.1) lib/action_dispatch/middleware/callbacks.rb:28:in `block in call'
activesupport (5.2.1) lib/active_support/callbacks.rb:98:in `run_callbacks'
actionpack (5.2.1) lib/action_dispatch/middleware/callbacks.rb:26:in `call'
actionpack (5.2.1) lib/action_dispatch/middleware/executor.rb:14:in `call'
actionpack (5.2.1) lib/action_dispatch/middleware/debug_exceptions.rb:61:in `call'
web-console (3.6.2) lib/web_console/middleware.rb:135:in `call_app'
web-console (3.6.2) lib/web_console/middleware.rb:30:in `block in call'
web-console (3.6.2) lib/web_console/middleware.rb:20:in `catch'
web-console (3.6.2) lib/web_console/middleware.rb:20:in `call'
actionpack (5.2.1) lib/action_dispatch/middleware/show_exceptions.rb:33:in `call'
railties (5.2.1) lib/rails/rack/logger.rb:38:in `call_app'
railties (5.2.1) lib/rails/rack/logger.rb:26:in `block in call'
activesupport (5.2.1) lib/active_support/tagged_logging.rb:71:in `block in tagged'
activesupport (5.2.1) lib/active_support/tagged_logging.rb:28:in `tagged'
activesupport (5.2.1) lib/active_support/tagged_logging.rb:71:in `tagged'
railties (5.2.1) lib/rails/rack/logger.rb:26:in `call'
sprockets-rails (3.2.1) lib/sprockets/rails/quiet_assets.rb:13:in `call'
actionpack (5.2.1) lib/action_dispatch/middleware/remote_ip.rb:81:in `call'
actionpack (5.2.1) lib/action_dispatch/middleware/request_id.rb:27:in `call'
rack (2.0.5) lib/rack/method_override.rb:22:in `call'
rack (2.0.5) lib/rack/runtime.rb:22:in `call'
activesupport (5.2.1) lib/active_support/cache/strategy/local_cache_middleware.rb:29:in `call'
actionpack (5.2.1) lib/action_dispatch/middleware/executor.rb:14:in `call'
actionpack (5.2.1) lib/action_dispatch/middleware/static.rb:127:in `call'
rack (2.0.5) lib/rack/sendfile.rb:111:in `call'
railties (5.2.1) lib/rails/engine.rb:524:in `call'
puma (3.12.0) lib/puma/configuration.rb:225:in `call'
puma (3.12.0) lib/puma/server.rb:658:in `handle_request'
puma (3.12.0) lib/puma/server.rb:472:in `process_client'
puma (3.12.0) lib/puma/server.rb:332:in `block in run'
puma (3.12.0) lib/puma/thread_pool.rb:133:in `block in spawn_thread'
  [1m[35m (0.3ms)[0m  [1m[34mSELECT pg_try_advisory_lock(8203133180777734815)[0m
  ↳ bin/rails:9
  [1m[35m (0.9ms)[0m  [1m[34mSELECT "schema_migrations"."version" FROM "schema_migrations" ORDER BY "schema_migrations"."version" ASC[0m
  ↳ bin/rails:9
Migrating to CreateHdls (20181030055025)
  [1m[35m (0.2ms)[0m  [1m[35mBEGIN[0m
  ↳ bin/rails:9
  [1m[35m (29.5ms)[0m  [1m[35mCREATE TABLE "hdls" ("id" bigserial primary key, "value" integer, "date" date, "profile_id" bigint, "created_at" timestamp NOT NULL, "updated_at" timestamp NOT NULL, CONSTRAINT "fk_rails_f085722161"
FOREIGN KEY ("profile_id")
  REFERENCES "profiles" ("id")
)[0m
  ↳ db/migrate/20181030055025_create_hdls.rb:3
  [1m[35m (4.2ms)[0m  [1m[35mCREATE  INDEX  "index_hdls_on_profile_id" ON "hdls"  ("profile_id")[0m
  ↳ db/migrate/20181030055025_create_hdls.rb:3
  [1m[36mActiveRecord::SchemaMigration Create (0.4ms)[0m  [1m[32mINSERT INTO "schema_migrations" ("version") VALUES ($1) RETURNING "version"[0m  [["version", "20181030055025"]]
  ↳ bin/rails:9
  [1m[35m (1.5ms)[0m  [1m[35mCOMMIT[0m
  ↳ bin/rails:9
Migrating to CreateNonHdls (20181031023616)
  [1m[35m (0.4ms)[0m  [1m[35mBEGIN[0m
  ↳ bin/rails:9
  [1m[35m (4.3ms)[0m  [1m[35mCREATE TABLE "non_hdls" ("id" bigserial primary key, "value" integer, "date" date, "profile_id" bigint, "created_at" timestamp NOT NULL, "updated_at" timestamp NOT NULL, CONSTRAINT "fk_rails_5ebdc0d8b0"
FOREIGN KEY ("profile_id")
  REFERENCES "profiles" ("id")
)[0m
  ↳ db/migrate/20181031023616_create_non_hdls.rb:3
  [1m[35m (1.9ms)[0m  [1m[35mCREATE  INDEX  "index_non_hdls_on_profile_id" ON "non_hdls"  ("profile_id")[0m
  ↳ db/migrate/20181031023616_create_non_hdls.rb:3
  [1m[36mActiveRecord::SchemaMigration Create (0.4ms)[0m  [1m[32mINSERT INTO "schema_migrations" ("version") VALUES ($1) RETURNING "version"[0m  [["version", "20181031023616"]]
  ↳ bin/rails:9
  [1m[35m (1.3ms)[0m  [1m[35mCOMMIT[0m
  ↳ bin/rails:9
Migrating to CreateLdls (20181031023649)
  [1m[35m (0.6ms)[0m  [1m[35mBEGIN[0m
  ↳ bin/rails:9
  [1m[35m (5.6ms)[0m  [1m[35mCREATE TABLE "ldls" ("id" bigserial primary key, "value" integer, "date" date, "profile_id" bigint, "created_at" timestamp NOT NULL, "updated_at" timestamp NOT NULL, CONSTRAINT "fk_rails_577e0c57e6"
FOREIGN KEY ("profile_id")
  REFERENCES "profiles" ("id")
)[0m
  ↳ db/migrate/20181031023649_create_ldls.rb:3
  [1m[35m (2.2ms)[0m  [1m[35mCREATE  INDEX  "index_ldls_on_profile_id" ON "ldls"  ("profile_id")[0m
  ↳ db/migrate/20181031023649_create_ldls.rb:3
  [1m[36mActiveRecord::SchemaMigration Create (0.4ms)[0m  [1m[32mINSERT INTO "schema_migrations" ("version") VALUES ($1) RETURNING "version"[0m  [["version", "20181031023649"]]
  ↳ bin/rails:9
  [1m[35m (1.2ms)[0m  [1m[35mCOMMIT[0m
  ↳ bin/rails:9
Migrating to CreateVldls (20181031030750)
  [1m[35m (0.5ms)[0m  [1m[35mBEGIN[0m
  ↳ bin/rails:9
  [1m[35m (4.1ms)[0m  [1m[35mCREATE TABLE "vldls" ("id" bigserial primary key, "value" integer, "date" date, "profile_id" bigint, "created_at" timestamp NOT NULL, "updated_at" timestamp NOT NULL, CONSTRAINT "fk_rails_d36669f130"
FOREIGN KEY ("profile_id")
  REFERENCES "profiles" ("id")
)[0m
  ↳ db/migrate/20181031030750_create_vldls.rb:3
  [1m[35m (1.9ms)[0m  [1m[35mCREATE  INDEX  "index_vldls_on_profile_id" ON "vldls"  ("profile_id")[0m
  ↳ db/migrate/20181031030750_create_vldls.rb:3
  [1m[36mActiveRecord::SchemaMigration Create (0.4ms)[0m  [1m[32mINSERT INTO "schema_migrations" ("version") VALUES ($1) RETURNING "version"[0m  [["version", "20181031030750"]]
  ↳ bin/rails:9
  [1m[35m (1.5ms)[0m  [1m[35mCOMMIT[0m
  ↳ bin/rails:9
Migrating to CreateTotals (20181031030817)
  [1m[35m (0.5ms)[0m  [1m[35mBEGIN[0m
  ↳ bin/rails:9
  [1m[35m (7.4ms)[0m  [1m[35mCREATE TABLE "totals" ("id" bigserial primary key, "value" integer, "date" date, "profile_id" bigint, "created_at" timestamp NOT NULL, "updated_at" timestamp NOT NULL, CONSTRAINT "fk_rails_74c4029177"
FOREIGN KEY ("profile_id")
  REFERENCES "profiles" ("id")
)[0m
  ↳ db/migrate/20181031030817_create_totals.rb:3
  [1m[35m (1.7ms)[0m  [1m[35mCREATE  INDEX  "index_totals_on_profile_id" ON "totals"  ("profile_id")[0m
  ↳ db/migrate/20181031030817_create_totals.rb:3
  [1m[36mActiveRecord::SchemaMigration Create (0.3ms)[0m  [1m[32mINSERT INTO "schema_migrations" ("version") VALUES ($1) RETURNING "version"[0m  [["version", "20181031030817"]]
  ↳ bin/rails:9
  [1m[35m (1.2ms)[0m  [1m[35mCOMMIT[0m
  ↳ bin/rails:9
  [1m[36mActiveRecord::InternalMetadata Load (3.0ms)[0m  [1m[34mSELECT  "ar_internal_metadata".* FROM "ar_internal_metadata" WHERE "ar_internal_metadata"."key" = $1 LIMIT $2[0m  [["key", "environment"], ["LIMIT", 1]]
  ↳ bin/rails:9
  [1m[35m (0.3ms)[0m  [1m[35mBEGIN[0m
  ↳ bin/rails:9
  [1m[35m (0.2ms)[0m  [1m[35mCOMMIT[0m
  ↳ bin/rails:9
  [1m[35m (0.2ms)[0m  [1m[34mSELECT pg_advisory_unlock(8203133180777734815)[0m
  ↳ bin/rails:9
  [1m[35m (0.3ms)[0m  [1m[34mSELECT "schema_migrations"."version" FROM "schema_migrations" ORDER BY "schema_migrations"."version" ASC[0m
  ↳ bin/rails:9
Started GET "/" for 127.0.0.1 at 2018-11-04 18:42:36 -0200
  [1m[35m (0.3ms)[0m  [1m[34mSELECT "schema_migrations"."version" FROM "schema_migrations" ORDER BY "schema_migrations"."version" ASC[0m
  ↳ /Users/marcelopavanellomartins/.rvm/gems/ruby-2.5.1/gems/activerecord-5.2.1/lib/active_record/log_subscriber.rb:98
Processing by WelcomeController#index as HTML
  Rendering welcome/index.html.erb within layouts/application
  Rendered welcome/index.html.erb within layouts/application (0.6ms)
Completed 200 OK in 4934ms (Views: 4920.1ms | ActiveRecord: 0.0ms)


Started GET "/profiles/new" for 127.0.0.1 at 2018-11-04 18:42:44 -0200
Processing by ProfilesController#new as HTML
  Rendering profiles/new.html.erb within layouts/application
  Rendered profiles/new.html.erb within layouts/application (129.2ms)
Completed 200 OK in 173ms (Views: 167.5ms | ActiveRecord: 0.0ms)


Started POST "/profiles" for 127.0.0.1 at 2018-11-04 18:43:03 -0200
Processing by ProfilesController#create as HTML
  Parameters: {"utf8"=>"✓", "authenticity_token"=>"vY76k/a26vylxIoUjlJVrLt6q/TmdU4xKNXbiv/RyA0r3hCulSlOcapVSmPlItFyrrnlOVPXcyP6jNReOCoLoA==", "profile"=>{"email"=>"marcelopmartins@gmail.com", "firstname"=>"MARCELO", "lastname"=>"MARTINS", "birthdate"=>"198000-10-10", "sex"=>"Female", "gender"=>""}, "commit"=>"Criar meu perfil"}
  [1m[35m (0.2ms)[0m  [1m[35mBEGIN[0m
  ↳ app/controllers/profiles_controller.rb:22
  [1m[36mProfile Exists (3.7ms)[0m  [1m[34mSELECT  1 AS one FROM "profiles" WHERE LOWER("profiles"."email") = LOWER($1) LIMIT $2[0m  [["email", "marcelopmartins@gmail.com"], ["LIMIT", 1]]
  ↳ app/controllers/profiles_controller.rb:22
  [1m[35m (0.3ms)[0m  [1m[31mROLLBACK[0m
  ↳ app/controllers/profiles_controller.rb:22
  Rendering profiles/new.html.erb within layouts/application
  Rendered profiles/new.html.erb within layouts/application (8.6ms)
Completed 200 OK in 130ms (Views: 58.9ms | ActiveRecord: 17.5ms)


Started POST "/profiles" for 127.0.0.1 at 2018-11-04 18:43:08 -0200
Processing by ProfilesController#create as HTML
  Parameters: {"utf8"=>"✓", "authenticity_token"=>"8JtL/+kz/4uqq247wnMAOgCiA31P0keNM/T8K2vQjK//uOcENw++RtzwuJa14ziaNkZBmYsvqL1qdMo9emBKIw==", "profile"=>{"email"=>"marcelopmartins1@gmail.com", "firstname"=>"MARCELO", "lastname"=>"MARTINS", "birthdate"=>"198000-10-10", "sex"=>"Female", "gender"=>""}, "commit"=>"Criar meu perfil"}
  [1m[35m (0.3ms)[0m  [1m[35mBEGIN[0m
  ↳ app/controllers/profiles_controller.rb:22
  [1m[36mProfile Exists (0.6ms)[0m  [1m[34mSELECT  1 AS one FROM "profiles" WHERE LOWER("profiles"."email") = LOWER($1) LIMIT $2[0m  [["email", "marcelopmartins1@gmail.com"], ["LIMIT", 1]]
  ↳ app/controllers/profiles_controller.rb:22
  [1m[36mProfile Create (2.5ms)[0m  [1m[32mINSERT INTO "profiles" ("email", "firstname", "lastname", "birthdate", "sex", "gender", "created_at", "updated_at") VALUES ($1, $2, $3, $4, $5, $6, $7, $8) RETURNING "id"[0m  [["email", "marcelopmartins1@gmail.com"], ["firstname", "MARCELO"], ["lastname", "MARTINS"], ["birthdate", "198000-10-10"], ["sex", "Female"], ["gender", ""], ["created_at", "2018-11-04 20:43:08.188746"], ["updated_at", "2018-11-04 20:43:08.188746"]]
  ↳ app/controllers/profiles_controller.rb:22
  [1m[35m (2.2ms)[0m  [1m[35mCOMMIT[0m
  ↳ app/controllers/profiles_controller.rb:22
Redirected to http://localhost:3000/profiles/marcelopmartins1@gmail.com
Completed 302 Found in 17ms (ActiveRecord: 5.6ms)


Started GET "/profiles/marcelopmartins1@gmail.com" for 127.0.0.1 at 2018-11-04 18:43:08 -0200
Processing by ProfilesController#show as HTML
  Parameters: {"email"=>"marcelopmartins1@gmail.com"}
  [1m[36mProfile Load (0.3ms)[0m  [1m[34mSELECT  "profiles".* FROM "profiles" WHERE "profiles"."email" = $1 LIMIT $2[0m  [["email", "marcelopmartins1@gmail.com"], ["LIMIT", 1]]
  ↳ app/controllers/profiles_controller.rb:11
  Rendering profiles/show.html.erb within layouts/application
  [1m[36mWeight Load (3.1ms)[0m  [1m[34mSELECT  "weights".* FROM "weights" WHERE "weights"."profile_id" = $1 ORDER BY "weights"."date" DESC LIMIT $2[0m  [["profile_id", 5], ["LIMIT", 1]]
  ↳ app/models/profile.rb:24
  Rendered weights/_latest.html.erb (0.6ms)
  [1m[36mHeight Load (2.8ms)[0m  [1m[34mSELECT  "heights".* FROM "heights" WHERE "heights"."profile_id" = $1 ORDER BY "heights"."date" DESC LIMIT $2[0m  [["profile_id", 5], ["LIMIT", 1]]
  ↳ app/models/profile.rb:28
  Rendered heights/_latest.html.erb (1.3ms)
  [1m[36mCACHE Height Load (0.0ms)[0m  [1m[34mSELECT  "heights".* FROM "heights" WHERE "heights"."profile_id" = $1 ORDER BY "heights"."date" DESC LIMIT $2[0m  [["profile_id", 5], ["LIMIT", 1]]
  ↳ app/models/profile.rb:28
  Rendered widgets/_bmi.html.erb (0.5ms)
  Rendered profiles/show.html.erb within layouts/application (79.3ms)
Completed 200 OK in 199ms (Views: 155.9ms | ActiveRecord: 9.9ms)


Started GET "/profiles/marcelopmartins1@gmail.com/weights" for 127.0.0.1 at 2018-11-04 18:43:23 -0200
Processing by WeightsController#index as HTML
  Parameters: {"profile_email"=>"marcelopmartins1@gmail.com"}
  [1m[36mProfile Load (0.4ms)[0m  [1m[34mSELECT  "profiles".* FROM "profiles" WHERE "profiles"."email" = $1 LIMIT $2[0m  [["email", "marcelopmartins1@gmail.com"], ["LIMIT", 1]]
  ↳ app/controllers/application_controller.rb:5
  Rendering weights/index.html.erb within layouts/application
  [1m[36mWeight Load (0.2ms)[0m  [1m[34mSELECT "weights".* FROM "weights" WHERE "weights"."profile_id" = $1[0m  [["profile_id", 5]]
  ↳ app/views/weights/index.html.erb:18
  Rendered weights/index.html.erb within layouts/application (2.9ms)
Completed 200 OK in 61ms (Views: 53.8ms | ActiveRecord: 0.7ms)


Started GET "/profiles/marcelopmartins1@gmail.com/heights" for 127.0.0.1 at 2018-11-04 18:43:26 -0200
Processing by HeightsController#index as HTML
  Parameters: {"profile_email"=>"marcelopmartins1@gmail.com"}
  [1m[36mProfile Load (1.3ms)[0m  [1m[34mSELECT  "profiles".* FROM "profiles" WHERE "profiles"."email" = $1 LIMIT $2[0m  [["email", "marcelopmartins1@gmail.com"], ["LIMIT", 1]]
  ↳ app/controllers/application_controller.rb:5
  Rendering heights/index.html.erb within layouts/application
  [1m[36mHeight Load (0.2ms)[0m  [1m[34mSELECT "heights".* FROM "heights" WHERE "heights"."profile_id" = $1[0m  [["profile_id", 5]]
  ↳ app/views/heights/index.html.erb:18
  Rendered heights/index.html.erb within layouts/application (3.5ms)
Completed 200 OK in 58ms (Views: 50.8ms | ActiveRecord: 1.6ms)


Started GET "/profiles/marcelopmartins1@gmail.com/pressures" for 127.0.0.1 at 2018-11-04 18:43:29 -0200
Processing by PressuresController#index as HTML
  Parameters: {"profile_email"=>"marcelopmartins1@gmail.com"}
  [1m[36mProfile Load (0.5ms)[0m  [1m[34mSELECT  "profiles".* FROM "profiles" WHERE "profiles"."email" = $1 LIMIT $2[0m  [["email", "marcelopmartins1@gmail.com"], ["LIMIT", 1]]
  ↳ app/controllers/application_controller.rb:5
  Rendering pressures/index.html.erb within layouts/application
  [1m[36mPressure Load (3.1ms)[0m  [1m[34mSELECT "pressures".* FROM "pressures" WHERE "pressures"."profile_id" = $1[0m  [["profile_id", 5]]
  ↳ app/views/pressures/index.html.erb:16
  Rendered pressures/index.html.erb within layouts/application (11.6ms)
Completed 200 OK in 65ms (Views: 47.0ms | ActiveRecord: 8.3ms)


Started GET "/profiles/marcelopmartins1@gmail.com/contacts" for 127.0.0.1 at 2018-11-04 18:43:31 -0200
Processing by ContactsController#index as HTML
  Parameters: {"profile_email"=>"marcelopmartins1@gmail.com"}
  [1m[36mProfile Load (0.5ms)[0m  [1m[34mSELECT  "profiles".* FROM "profiles" WHERE "profiles"."email" = $1 LIMIT $2[0m  [["email", "marcelopmartins1@gmail.com"], ["LIMIT", 1]]
  ↳ app/controllers/application_controller.rb:5
  Rendering contacts/index.html.erb within layouts/application
  [1m[36mContact Load (2.5ms)[0m  [1m[34mSELECT "contacts".* FROM "contacts" WHERE "contacts"."profile_id" = $1[0m  [["profile_id", 5]]
  ↳ app/views/contacts/index.html.erb:20
  Rendered contacts/index.html.erb within layouts/application (8.2ms)
Completed 200 OK in 73ms (Views: 59.6ms | ActiveRecord: 4.5ms)


Started GET "/profiles/marcelopmartins1@gmail.com/totals" for 127.0.0.1 at 2018-11-04 18:43:36 -0200
Processing by TotalsController#index as HTML
  Parameters: {"profile_email"=>"marcelopmartins1@gmail.com"}
  [1m[36mProfile Load (1.1ms)[0m  [1m[34mSELECT  "profiles".* FROM "profiles" WHERE "profiles"."email" = $1 LIMIT $2[0m  [["email", "marcelopmartins1@gmail.com"], ["LIMIT", 1]]
  ↳ app/controllers/application_controller.rb:5
  Rendering totals/index.html.erb within layouts/application
  [1m[36mTotal Load (0.5ms)[0m  [1m[34mSELECT "totals".* FROM "totals" WHERE "totals"."profile_id" = $1[0m  [["profile_id", 5]]
  ↳ app/views/totals/index.html.erb:18
  Rendered totals/index.html.erb within layouts/application (5.8ms)
Completed 200 OK in 75ms (Views: 59.8ms | ActiveRecord: 3.1ms)


Started GET "/" for 127.0.0.1 at 2018-11-04 18:43:54 -0200
Processing by WelcomeController#index as HTML
  Rendering welcome/index.html.erb within layouts/application
  Rendered welcome/index.html.erb within layouts/application (0.8ms)
Completed 200 OK in 87ms (Views: 82.2ms | ActiveRecord: 0.0ms)


Started GET "/medidata/routes" for 127.0.0.1 at 2018-11-04 18:44:05 -0200
  
ActionController::RoutingError (No route matches [GET] "/medidata/routes"):
  
actionpack (5.2.1) lib/action_dispatch/middleware/debug_exceptions.rb:65:in `call'
web-console (3.6.2) lib/web_console/middleware.rb:135:in `call_app'
web-console (3.6.2) lib/web_console/middleware.rb:30:in `block in call'
web-console (3.6.2) lib/web_console/middleware.rb:20:in `catch'
web-console (3.6.2) lib/web_console/middleware.rb:20:in `call'
actionpack (5.2.1) lib/action_dispatch/middleware/show_exceptions.rb:33:in `call'
railties (5.2.1) lib/rails/rack/logger.rb:38:in `call_app'
railties (5.2.1) lib/rails/rack/logger.rb:26:in `block in call'
activesupport (5.2.1) lib/active_support/tagged_logging.rb:71:in `block in tagged'
activesupport (5.2.1) lib/active_support/tagged_logging.rb:28:in `tagged'
activesupport (5.2.1) lib/active_support/tagged_logging.rb:71:in `tagged'
railties (5.2.1) lib/rails/rack/logger.rb:26:in `call'
sprockets-rails (3.2.1) lib/sprockets/rails/quiet_assets.rb:13:in `call'
actionpack (5.2.1) lib/action_dispatch/middleware/remote_ip.rb:81:in `call'
actionpack (5.2.1) lib/action_dispatch/middleware/request_id.rb:27:in `call'
rack (2.0.5) lib/rack/method_override.rb:22:in `call'
rack (2.0.5) lib/rack/runtime.rb:22:in `call'
activesupport (5.2.1) lib/active_support/cache/strategy/local_cache_middleware.rb:29:in `call'
actionpack (5.2.1) lib/action_dispatch/middleware/executor.rb:14:in `call'
actionpack (5.2.1) lib/action_dispatch/middleware/static.rb:127:in `call'
rack (2.0.5) lib/rack/sendfile.rb:111:in `call'
railties (5.2.1) lib/rails/engine.rb:524:in `call'
puma (3.12.0) lib/puma/configuration.rb:225:in `call'
puma (3.12.0) lib/puma/server.rb:658:in `handle_request'
puma (3.12.0) lib/puma/server.rb:472:in `process_client'
puma (3.12.0) lib/puma/server.rb:332:in `block in run'
puma (3.12.0) lib/puma/thread_pool.rb:133:in `block in spawn_thread'
Started GET "/profiles/marcelopmartins1@gmail.com" for 127.0.0.1 at 2018-11-04 18:48:45 -0200
Processing by ProfilesController#show as HTML
  Parameters: {"email"=>"marcelopmartins1@gmail.com"}
  [1m[36mProfile Load (0.4ms)[0m  [1m[34mSELECT  "profiles".* FROM "profiles" WHERE "profiles"."email" = $1 LIMIT $2[0m  [["email", "marcelopmartins1@gmail.com"], ["LIMIT", 1]]
  ↳ app/controllers/profiles_controller.rb:11
  Rendering profiles/show.html.erb within layouts/application
  Rendered profiles/show.html.erb within layouts/application (218.7ms)
Completed 500 Internal Server Error in 230ms (ActiveRecord: 0.4ms)


  
ActionView::Template::Error (undefined method `profile_platelets_path' for #<#<Class:0x00007fb07a57fa58>:0x00007fb0732c4180>
Did you mean?  profile_totals_path
               profile_ldls_path
               profile_contacts_path
               profile_vldls_path):
    35:       <%= link_to 'LDL', profile_ldls_path(profile_email: @profile.email), class: "btn btn-primary" %> |
    36:       <%= link_to 'VLDL', profile_vldls_path(profile_email: @profile.email), class: "btn btn-primary" %> |
    37:       <%= link_to 'Total', profile_totals_path(profile_email: @profile.email), class: "btn btn-primary" %>
    38:       <%= link_to 'Platelets', profile_platelets_path(profile_email: @profile.email), class: "btn btn-primary" %>
    39:     </td>
    40:   </tr>
    41:   </tbody>
  
app/views/profiles/show.html.erb:38:in `_app_views_profiles_show_html_erb___1822102035142309057_70197911627860'
Started GET "/profiles" for 127.0.0.1 at 2018-11-04 18:48:51 -0200
Processing by ProfilesController#index as HTML
  Rendering profiles/index.html.erb within layouts/application
  [1m[36mProfile Load (0.4ms)[0m  [1m[34mSELECT "profiles".* FROM "profiles"[0m
  ↳ app/views/profiles/index.html.erb:12
  Rendered profiles/index.html.erb within layouts/application (2.4ms)
Completed 200 OK in 77ms (Views: 71.4ms | ActiveRecord: 0.4ms)


Started GET "/profiles/marcelopmartins@gmail.com" for 127.0.0.1 at 2018-11-04 18:49:03 -0200
Processing by ProfilesController#show as HTML
  Parameters: {"email"=>"marcelopmartins@gmail.com"}
  [1m[36mProfile Load (0.3ms)[0m  [1m[34mSELECT  "profiles".* FROM "profiles" WHERE "profiles"."email" = $1 LIMIT $2[0m  [["email", "marcelopmartins@gmail.com"], ["LIMIT", 1]]
  ↳ app/controllers/profiles_controller.rb:11
  Rendering profiles/show.html.erb within layouts/application
  Rendered profiles/show.html.erb within layouts/application (197.9ms)
Completed 500 Internal Server Error in 212ms (ActiveRecord: 0.3ms)


  
ActionView::Template::Error (undefined method `profile_platelets_path' for #<#<Class:0x00007fb07a57fa58>:0x00007fb079ec0e38>
Did you mean?  profile_totals_path
               profile_ldls_path
               profile_contacts_path
               profile_vldls_path):
    35:       <%= link_to 'LDL', profile_ldls_path(profile_email: @profile.email), class: "btn btn-primary" %> |
    36:       <%= link_to 'VLDL', profile_vldls_path(profile_email: @profile.email), class: "btn btn-primary" %> |
    37:       <%= link_to 'Total', profile_totals_path(profile_email: @profile.email), class: "btn btn-primary" %>
    38:       <%= link_to 'Platelets', profile_platelets_path(profile_email: @profile.email), class: "btn btn-primary" %>
    39:     </td>
    40:   </tr>
    41:   </tbody>
  
app/views/profiles/show.html.erb:38:in `_app_views_profiles_show_html_erb___1822102035142309057_70197968243660'
Started GET "/profiles/marcelopmartins@gmail.com" for 127.0.0.1 at 2018-11-04 18:49:20 -0200
Processing by ProfilesController#show as HTML
  Parameters: {"email"=>"marcelopmartins@gmail.com"}
  [1m[36mProfile Load (0.2ms)[0m  [1m[34mSELECT  "profiles".* FROM "profiles" WHERE "profiles"."email" = $1 LIMIT $2[0m  [["email", "marcelopmartins@gmail.com"], ["LIMIT", 1]]
  ↳ app/controllers/profiles_controller.rb:11
  Rendering profiles/show.html.erb within layouts/application
  [1m[36mWeight Load (2.0ms)[0m  [1m[34mSELECT  "weights".* FROM "weights" WHERE "weights"."profile_id" = $1 ORDER BY "weights"."date" DESC LIMIT $2[0m  [["profile_id", 1], ["LIMIT", 1]]
  ↳ app/models/profile.rb:24
  Rendered weights/_latest.html.erb (0.8ms)
  [1m[36mHeight Load (1.8ms)[0m  [1m[34mSELECT  "heights".* FROM "heights" WHERE "heights"."profile_id" = $1 ORDER BY "heights"."date" DESC LIMIT $2[0m  [["profile_id", 1], ["LIMIT", 1]]
  ↳ app/models/profile.rb:28
  Rendered heights/_latest.html.erb (1.0ms)
  [1m[36mCACHE Height Load (0.0ms)[0m  [1m[34mSELECT  "heights".* FROM "heights" WHERE "heights"."profile_id" = $1 ORDER BY "heights"."date" DESC LIMIT $2[0m  [["profile_id", 1], ["LIMIT", 1]]
  ↳ app/models/profile.rb:28
  [1m[36mCACHE Weight Load (0.0ms)[0m  [1m[34mSELECT  "weights".* FROM "weights" WHERE "weights"."profile_id" = $1 ORDER BY "weights"."date" DESC LIMIT $2[0m  [["profile_id", 1], ["LIMIT", 1]]
  ↳ app/models/profile.rb:24
  [1m[36mCACHE Weight Load (0.0ms)[0m  [1m[34mSELECT  "weights".* FROM "weights" WHERE "weights"."profile_id" = $1 ORDER BY "weights"."date" DESC LIMIT $2[0m  [["profile_id", 1], ["LIMIT", 1]]
  ↳ app/models/profile.rb:24
  [1m[36mCACHE Height Load (0.0ms)[0m  [1m[34mSELECT  "heights".* FROM "heights" WHERE "heights"."profile_id" = $1 ORDER BY "heights"."date" DESC LIMIT $2[0m  [["profile_id", 1], ["LIMIT", 1]]
  ↳ app/models/profile.rb:28
  Rendered widgets/_bmi.html.erb (0.4ms)
  Rendered profiles/show.html.erb within layouts/application (64.6ms)
Completed 200 OK in 123ms (Views: 111.3ms | ActiveRecord: 7.7ms)


Started GET "/medidata/routes" for 127.0.0.1 at 2018-11-04 18:53:37 -0200
  
ActionController::RoutingError (No route matches [GET] "/medidata/routes"):
  
actionpack (5.2.1) lib/action_dispatch/middleware/debug_exceptions.rb:65:in `call'
web-console (3.6.2) lib/web_console/middleware.rb:135:in `call_app'
web-console (3.6.2) lib/web_console/middleware.rb:30:in `block in call'
web-console (3.6.2) lib/web_console/middleware.rb:20:in `catch'
web-console (3.6.2) lib/web_console/middleware.rb:20:in `call'
actionpack (5.2.1) lib/action_dispatch/middleware/show_exceptions.rb:33:in `call'
railties (5.2.1) lib/rails/rack/logger.rb:38:in `call_app'
railties (5.2.1) lib/rails/rack/logger.rb:26:in `block in call'
activesupport (5.2.1) lib/active_support/tagged_logging.rb:71:in `block in tagged'
activesupport (5.2.1) lib/active_support/tagged_logging.rb:28:in `tagged'
activesupport (5.2.1) lib/active_support/tagged_logging.rb:71:in `tagged'
railties (5.2.1) lib/rails/rack/logger.rb:26:in `call'
sprockets-rails (3.2.1) lib/sprockets/rails/quiet_assets.rb:13:in `call'
actionpack (5.2.1) lib/action_dispatch/middleware/remote_ip.rb:81:in `call'
actionpack (5.2.1) lib/action_dispatch/middleware/request_id.rb:27:in `call'
rack (2.0.5) lib/rack/method_override.rb:22:in `call'
rack (2.0.5) lib/rack/runtime.rb:22:in `call'
activesupport (5.2.1) lib/active_support/cache/strategy/local_cache_middleware.rb:29:in `call'
actionpack (5.2.1) lib/action_dispatch/middleware/executor.rb:14:in `call'
actionpack (5.2.1) lib/action_dispatch/middleware/static.rb:127:in `call'
rack (2.0.5) lib/rack/sendfile.rb:111:in `call'
railties (5.2.1) lib/rails/engine.rb:524:in `call'
puma (3.12.0) lib/puma/configuration.rb:225:in `call'
puma (3.12.0) lib/puma/server.rb:658:in `handle_request'
puma (3.12.0) lib/puma/server.rb:472:in `process_client'
puma (3.12.0) lib/puma/server.rb:332:in `block in run'
puma (3.12.0) lib/puma/thread_pool.rb:133:in `block in spawn_thread'
Started GET "/profiles/marcelopmartins@gmail.com" for 127.0.0.1 at 2018-11-04 18:55:01 -0200
Processing by ProfilesController#show as HTML
  Parameters: {"email"=>"marcelopmartins@gmail.com"}
  [1m[36mProfile Load (0.3ms)[0m  [1m[34mSELECT  "profiles".* FROM "profiles" WHERE "profiles"."email" = $1 LIMIT $2[0m  [["email", "marcelopmartins@gmail.com"], ["LIMIT", 1]]
  ↳ app/controllers/profiles_controller.rb:11
  Rendering profiles/show.html.erb within layouts/application
  [1m[36mWeight Load (0.5ms)[0m  [1m[34mSELECT  "weights".* FROM "weights" WHERE "weights"."profile_id" = $1 ORDER BY "weights"."date" DESC LIMIT $2[0m  [["profile_id", 1], ["LIMIT", 1]]
  ↳ app/models/profile.rb:24
  Rendered weights/_latest.html.erb (0.6ms)
  [1m[36mHeight Load (0.4ms)[0m  [1m[34mSELECT  "heights".* FROM "heights" WHERE "heights"."profile_id" = $1 ORDER BY "heights"."date" DESC LIMIT $2[0m  [["profile_id", 1], ["LIMIT", 1]]
  ↳ app/models/profile.rb:28
  Rendered heights/_latest.html.erb (0.5ms)
  [1m[36mCACHE Height Load (0.0ms)[0m  [1m[34mSELECT  "heights".* FROM "heights" WHERE "heights"."profile_id" = $1 ORDER BY "heights"."date" DESC LIMIT $2[0m  [["profile_id", 1], ["LIMIT", 1]]
  ↳ app/models/profile.rb:28
  [1m[36mCACHE Weight Load (0.0ms)[0m  [1m[34mSELECT  "weights".* FROM "weights" WHERE "weights"."profile_id" = $1 ORDER BY "weights"."date" DESC LIMIT $2[0m  [["profile_id", 1], ["LIMIT", 1]]
  ↳ app/models/profile.rb:24
  [1m[36mCACHE Weight Load (0.0ms)[0m  [1m[34mSELECT  "weights".* FROM "weights" WHERE "weights"."profile_id" = $1 ORDER BY "weights"."date" DESC LIMIT $2[0m  [["profile_id", 1], ["LIMIT", 1]]
  ↳ app/models/profile.rb:24
  [1m[36mCACHE Height Load (0.0ms)[0m  [1m[34mSELECT  "heights".* FROM "heights" WHERE "heights"."profile_id" = $1 ORDER BY "heights"."date" DESC LIMIT $2[0m  [["profile_id", 1], ["LIMIT", 1]]
  ↳ app/models/profile.rb:28
  Rendered widgets/_bmi.html.erb (0.5ms)
  Rendered profiles/show.html.erb within layouts/application (53.2ms)
Completed 200 OK in 246ms (Views: 206.2ms | ActiveRecord: 13.3ms)


Started GET "/profiles/marcelopmartins@gmail.com/platelets" for 127.0.0.1 at 2018-11-04 18:55:03 -0200
  
ActionController::RoutingError (uninitialized constant PlateletsController):
  
bootsnap (1.3.1) lib/bootsnap/load_path_cache/core_ext/active_support.rb:53:in `block in load_missing_constant'
bootsnap (1.3.1) lib/bootsnap/load_path_cache/core_ext/active_support.rb:8:in `without_bootsnap_cache'
bootsnap (1.3.1) lib/bootsnap/load_path_cache/core_ext/active_support.rb:53:in `rescue in load_missing_constant'
bootsnap (1.3.1) lib/bootsnap/load_path_cache/core_ext/active_support.rb:42:in `load_missing_constant'
activesupport (5.2.1) lib/active_support/inflector/methods.rb:283:in `const_get'
activesupport (5.2.1) lib/active_support/inflector/methods.rb:283:in `block in constantize'
activesupport (5.2.1) lib/active_support/inflector/methods.rb:281:in `each'
activesupport (5.2.1) lib/active_support/inflector/methods.rb:281:in `inject'
activesupport (5.2.1) lib/active_support/inflector/methods.rb:281:in `constantize'
actionpack (5.2.1) lib/action_dispatch/http/request.rb:88:in `controller_class_for'
actionpack (5.2.1) lib/action_dispatch/http/request.rb:81:in `controller_class'
actionpack (5.2.1) lib/action_dispatch/routing/route_set.rb:46:in `controller'
actionpack (5.2.1) lib/action_dispatch/routing/route_set.rb:32:in `serve'
actionpack (5.2.1) lib/action_dispatch/journey/router.rb:52:in `block in serve'
actionpack (5.2.1) lib/action_dispatch/journey/router.rb:35:in `each'
actionpack (5.2.1) lib/action_dispatch/journey/router.rb:35:in `serve'
actionpack (5.2.1) lib/action_dispatch/routing/route_set.rb:840:in `call'
rack (2.0.5) lib/rack/tempfile_reaper.rb:15:in `call'
rack (2.0.5) lib/rack/etag.rb:25:in `call'
rack (2.0.5) lib/rack/conditional_get.rb:25:in `call'
rack (2.0.5) lib/rack/head.rb:12:in `call'
actionpack (5.2.1) lib/action_dispatch/http/content_security_policy.rb:18:in `call'
rack (2.0.5) lib/rack/session/abstract/id.rb:232:in `context'
rack (2.0.5) lib/rack/session/abstract/id.rb:226:in `call'
actionpack (5.2.1) lib/action_dispatch/middleware/cookies.rb:670:in `call'
activerecord (5.2.1) lib/active_record/migration.rb:559:in `call'
actionpack (5.2.1) lib/action_dispatch/middleware/callbacks.rb:28:in `block in call'
activesupport (5.2.1) lib/active_support/callbacks.rb:98:in `run_callbacks'
actionpack (5.2.1) lib/action_dispatch/middleware/callbacks.rb:26:in `call'
actionpack (5.2.1) lib/action_dispatch/middleware/executor.rb:14:in `call'
actionpack (5.2.1) lib/action_dispatch/middleware/debug_exceptions.rb:61:in `call'
web-console (3.6.2) lib/web_console/middleware.rb:135:in `call_app'
web-console (3.6.2) lib/web_console/middleware.rb:30:in `block in call'
web-console (3.6.2) lib/web_console/middleware.rb:20:in `catch'
web-console (3.6.2) lib/web_console/middleware.rb:20:in `call'
actionpack (5.2.1) lib/action_dispatch/middleware/show_exceptions.rb:33:in `call'
railties (5.2.1) lib/rails/rack/logger.rb:38:in `call_app'
railties (5.2.1) lib/rails/rack/logger.rb:26:in `block in call'
activesupport (5.2.1) lib/active_support/tagged_logging.rb:71:in `block in tagged'
activesupport (5.2.1) lib/active_support/tagged_logging.rb:28:in `tagged'
activesupport (5.2.1) lib/active_support/tagged_logging.rb:71:in `tagged'
railties (5.2.1) lib/rails/rack/logger.rb:26:in `call'
sprockets-rails (3.2.1) lib/sprockets/rails/quiet_assets.rb:13:in `call'
actionpack (5.2.1) lib/action_dispatch/middleware/remote_ip.rb:81:in `call'
actionpack (5.2.1) lib/action_dispatch/middleware/request_id.rb:27:in `call'
rack (2.0.5) lib/rack/method_override.rb:22:in `call'
rack (2.0.5) lib/rack/runtime.rb:22:in `call'
activesupport (5.2.1) lib/active_support/cache/strategy/local_cache_middleware.rb:29:in `call'
actionpack (5.2.1) lib/action_dispatch/middleware/executor.rb:14:in `call'
actionpack (5.2.1) lib/action_dispatch/middleware/static.rb:127:in `call'
rack (2.0.5) lib/rack/sendfile.rb:111:in `call'
railties (5.2.1) lib/rails/engine.rb:524:in `call'
puma (3.12.0) lib/puma/configuration.rb:225:in `call'
puma (3.12.0) lib/puma/server.rb:658:in `handle_request'
puma (3.12.0) lib/puma/server.rb:472:in `process_client'
puma (3.12.0) lib/puma/server.rb:332:in `block in run'
puma (3.12.0) lib/puma/thread_pool.rb:133:in `block in spawn_thread'
  [1m[35m (0.3ms)[0m  [1m[34mSELECT pg_try_advisory_lock(8203133180777734815)[0m
  ↳ bin/rails:9
  [1m[35m (0.7ms)[0m  [1m[34mSELECT "schema_migrations"."version" FROM "schema_migrations" ORDER BY "schema_migrations"."version" ASC[0m
  ↳ bin/rails:9
Migrating to CreatePlatelets (20181104213313)
  [1m[35m (0.2ms)[0m  [1m[35mBEGIN[0m
  ↳ bin/rails:9
  [1m[35m (8.9ms)[0m  [1m[35mCREATE TABLE "platelets" ("id" bigserial primary key, "erythrocyte" decimal, "hemoglobin" decimal, "hematocrit" decimal, "vcm" decimal, "hcm" decimal, "chcm" decimal, "rdw" decimal, "leukocytep" decimal, "neutrophilp" decimal, "eosinophilp" decimal, "basophilp" decimal, "lymphocytep" decimal, "monocytep" decimal, "leukocyteul" integer, "neutrophilul" integer, "eosinophilul" integer, "basophilul" integer, "lymphocyteul" integer, "monocyteul" integer, "profile_id" bigint, "created_at" timestamp NOT NULL, "updated_at" timestamp NOT NULL, CONSTRAINT "fk_rails_929ce91a12"
FOREIGN KEY ("profile_id")
  REFERENCES "profiles" ("id")
)[0m
  ↳ db/migrate/20181104213313_create_platelets.rb:3
  [1m[35m (1.9ms)[0m  [1m[35mCREATE  INDEX  "index_platelets_on_profile_id" ON "platelets"  ("profile_id")[0m
  ↳ db/migrate/20181104213313_create_platelets.rb:3
  [1m[36mActiveRecord::SchemaMigration Create (0.4ms)[0m  [1m[32mINSERT INTO "schema_migrations" ("version") VALUES ($1) RETURNING "version"[0m  [["version", "20181104213313"]]
  ↳ bin/rails:9
  [1m[35m (1.6ms)[0m  [1m[35mCOMMIT[0m
  ↳ bin/rails:9
  [1m[36mActiveRecord::InternalMetadata Load (0.5ms)[0m  [1m[34mSELECT  "ar_internal_metadata".* FROM "ar_internal_metadata" WHERE "ar_internal_metadata"."key" = $1 LIMIT $2[0m  [["key", "environment"], ["LIMIT", 1]]
  ↳ bin/rails:9
  [1m[35m (0.2ms)[0m  [1m[35mBEGIN[0m
  ↳ bin/rails:9
  [1m[35m (0.2ms)[0m  [1m[35mCOMMIT[0m
  ↳ bin/rails:9
  [1m[35m (0.3ms)[0m  [1m[34mSELECT pg_advisory_unlock(8203133180777734815)[0m
  ↳ bin/rails:9
  [1m[35m (0.3ms)[0m  [1m[34mSELECT "schema_migrations"."version" FROM "schema_migrations" ORDER BY "schema_migrations"."version" ASC[0m
  ↳ bin/rails:9
